0 info it worked if it ends with ok
1 verbose cli [ '/usr/local/bin/node', '/usr/local/bin/npm', 'run', 'build' ]
2 info using npm@2.14.7
3 info using node@v4.2.2
4 verbose run-script [ 'prebuild', 'build', 'postbuild' ]
5 info prebuild typedoc@0.4.0
6 info build typedoc@0.4.0
7 verbose unsafe-perm in lifecycle true
8 info typedoc@0.4.0 Failed to exec build script
9 verbose stack Error: typedoc@0.4.0 build: `grunt build_and_test`
9 verbose stack Exit status 3
9 verbose stack     at EventEmitter.<anonymous> (/usr/local/lib/node_modules/npm/lib/utils/lifecycle.js:214:16)
9 verbose stack     at emitTwo (events.js:87:13)
9 verbose stack     at EventEmitter.emit (events.js:172:7)
9 verbose stack     at ChildProcess.<anonymous> (/usr/local/lib/node_modules/npm/lib/utils/spawn.js:24:14)
9 verbose stack     at emitTwo (events.js:87:13)
9 verbose stack     at ChildProcess.emit (events.js:172:7)
9 verbose stack     at maybeClose (internal/child_process.js:818:16)
9 verbose stack     at Process.ChildProcess._handle.onexit (internal/child_process.js:211:5)
10 verbose pkgid typedoc@0.4.0
11 verbose cwd /Users/olamothe/newtdoc
12 error Darwin 15.3.0
13 error argv "/usr/local/bin/node" "/usr/local/bin/npm" "run" "build"
14 error node v4.2.2
15 error npm  v2.14.7
16 error code ELIFECYCLE
17 error typedoc@0.4.0 build: `grunt build_and_test`
17 error Exit status 3
18 error Failed at the typedoc@0.4.0 build script 'grunt build_and_test'.
18 error This is most likely a problem with the typedoc package,
18 error not with npm itself.
18 error Tell the author that this fails on your system:
18 error     grunt build_and_test
18 error You can get their info via:
18 error     npm owner ls typedoc
18 error There is likely additional logging output above.
19 verbose exit [ 1, true ]
